    Fetching advisory database from `https://github.com/RustSec/advisory-db.git`
      Loaded 1026 security advisories (from /home/jules/.cargo/advisory-db)
    Updating crates.io index
    Scanning Cargo.lock for vulnerabilities (414 crate dependencies)
Crate:     adler
Version:   1.0.2
Warning:   unmaintained
Title:     adler crate is unmaintained, use adler2 instead
Date:      2025-09-05
ID:        RUSTSEC-2025-0056
URL:       https://rustsec.org/advisories/RUSTSEC-2025-0056
Dependency tree:
adler 1.0.2
в””в”Ђв”Ђ miniz_oxide 0.7.1
    в”њв”Ђв”Ђ png 0.17.9
    в”‚   в””в”Ђв”Ђ image 0.24.6
    в”‚       в”њв”Ђв”Ђ bevy_render 0.11.0
    в”‚       в”‚   в”њв”Ђв”Ђ bevy_ui 0.11.0
    в”‚       в”‚   в”‚   в””в”Ђв”Ђ bevy_internal 0.11.0
    в”‚       в”‚   в”‚       в””в”Ђв”Ђ bevy 0.11.0
    в”‚       в”‚   в”‚           в”њв”Ђв”Ђ bevy_pancam 0.9.0
    в”‚       в”‚   в”‚           в”‚   в””в”Ђв”Ђ ants 0.1.0
    в”‚       в”‚   в”‚           в”њв”Ђв”Ђ bevy_egui 0.21.0
    в”‚       в”‚   в”‚           в”‚   в””в”Ђв”Ђ ants 0.1.0
    в”‚       в”‚   в”‚           в””в”Ђв”Ђ ants 0.1.0
    в”‚       в”‚   в”њв”Ђв”Ђ bevy_text 0.11.0
    в”‚       в”‚   в”‚   в”њв”Ђв”Ђ bevy_ui 0.11.0
    в”‚       в”‚   в”‚   в””в”Ђв”Ђ bevy_internal 0.11.0
    в”‚       в”‚   в”њв”Ђв”Ђ bevy_sprite 0.11.0
    в”‚       в”‚   в”‚   в”њв”Ђв”Ђ bevy_ui 0.11.0
    в”‚       в”‚   в”‚   в”њв”Ђв”Ђ bevy_text 0.11.0
    в”‚       в”‚   в”‚   в”њв”Ђв”Ђ bevy_internal 0.11.0
    в”‚       в”‚   в”‚   в””в”Ђв”Ђ bevy_gizmos 0.11.0
    в”‚       в”‚   в”‚       в””в”Ђв”Ђ bevy_internal 0.11.0
    в”‚       в”‚   в”њв”Ђв”Ђ bevy_scene 0.11.0
    в”‚       в”‚   в”‚   в”њв”Ђв”Ђ bevy_internal 0.11.0
    в”‚       в”‚   в”‚   в””в”Ђв”Ђ bevy_gltf 0.11.0
    в”‚       в”‚   в”‚       в””в”Ђв”Ђ bevy_internal 0.11.0
    в”‚       в”‚   в”њв”Ђв”Ђ bevy_pbr 0.11.0
    в”‚       в”‚   в”‚   в”њв”Ђв”Ђ bevy_internal 0.11.0
    в”‚       в”‚   в”‚   в”њв”Ђв”Ђ bevy_gltf 0.11.0
    в”‚       в”‚   в”‚   в””в”Ђв”Ђ bevy_gizmos 0.11.0
    в”‚       в”‚   в”њв”Ђв”Ђ bevy_internal 0.11.0
    в”‚       в”‚   в”њв”Ђв”Ђ bevy_gltf 0.11.0
    в”‚       в”‚   в”њв”Ђв”Ђ bevy_gizmos 0.11.0
    в”‚       в”‚   в”њв”Ђв”Ђ bevy_core_pipeline 0.11.0
    в”‚       в”‚   в”‚   в”њв”Ђв”Ђ bevy_ui 0.11.0
    в”‚       в”‚   в”‚   в”њв”Ђв”Ђ bevy_sprite 0.11.0
    в”‚       в”‚   в”‚   в”њв”Ђв”Ђ bevy_pbr 0.11.0
    в”‚       в”‚   в”‚   в”њв”Ђв”Ђ bevy_internal 0.11.0
    в”‚       в”‚   в”‚   в”њв”Ђв”Ђ bevy_gltf 0.11.0
    в”‚       в”‚   в”‚   в””в”Ђв”Ђ bevy_gizmos 0.11.0
    в”‚       в”‚   в””в”Ђв”Ђ bevy_animation 0.11.0
    в”‚       в”‚       в”њв”Ђв”Ђ bevy_internal 0.11.0
    в”‚       в”‚       в””в”Ђв”Ђ bevy_gltf 0.11.0
    в”‚       в””в”Ђв”Ђ arboard 3.2.0
    в”‚           в””в”Ђв”Ђ bevy_egui 0.21.0
    в”њв”Ђв”Ђ flate2 1.0.26
    в”‚   в”њв”Ђв”Ђ tiff 0.8.1
    в”‚   в”‚   в””в”Ђв”Ђ image 0.24.6
    в”‚   в””в”Ђв”Ђ png 0.17.9
    в””в”Ђв”Ђ backtrace 0.3.68
        в””в”Ђв”Ђ gpu-allocator 0.22.0
            в””в”Ђв”Ђ wgpu-hal 0.16.2
                в”њв”Ђв”Ђ wgpu-core 0.16.1
                в”‚   в””в”Ђв”Ђ wgpu 0.16.3
                в”‚       в””в”Ђв”Ђ bevy_render 0.11.0
                в”њв”Ђв”Ђ wgpu 0.16.3
                в””в”Ђв”Ђ bevy_render 0.11.0

Crate:     instant
Version:   0.1.12
Warning:   unmaintained
Title:     `instant` is unmaintained
Date:      2024-09-01
ID:        RUSTSEC-2024-0384
URL:       https://rustsec.org/advisories/RUSTSEC-2024-0384
Dependency tree:
instant 0.1.12
в”њв”Ђв”Ђ winit 0.28.6
в”‚   в”њв”Ђв”Ђ bevy_winit 0.11.0
в”‚   в”‚   в”њв”Ђв”Ђ bevy_internal 0.11.0
в”‚   в”‚   в”‚   в””в”Ђв”Ђ bevy 0.11.0
в”‚   в”‚   в”‚       в”њв”Ђв”Ђ bevy_pancam 0.9.0
в”‚   в”‚   в”‚       в”‚   в””в”Ђв”Ђ ants 0.1.0
в”‚   в”‚   в”‚       в”њв”Ђв”Ђ bevy_egui 0.21.0
в”‚   в”‚   в”‚       в”‚   в””в”Ђв”Ђ ants 0.1.0
в”‚   в”‚   в”‚       в””в”Ђв”Ђ ants 0.1.0
в”‚   в”‚   в””в”Ђв”Ђ bevy_asset 0.11.0
в”‚   в”‚       в”њв”Ђв”Ђ bevy_ui 0.11.0
в”‚   в”‚       в”‚   в””в”Ђв”Ђ bevy_internal 0.11.0
в”‚   в”‚       в”њв”Ђв”Ђ bevy_text 0.11.0
в”‚   в”‚       в”‚   в”њв”Ђв”Ђ bevy_ui 0.11.0
в”‚   в”‚       в”‚   в””в”Ђв”Ђ bevy_internal 0.11.0
в”‚   в”‚       в”њв”Ђв”Ђ bevy_sprite 0.11.0
в”‚   в”‚       в”‚   в”њв”Ђв”Ђ bevy_ui 0.11.0
в”‚   в”‚       в”‚   в”њв”Ђв”Ђ bevy_text 0.11.0
в”‚   в”‚       в”‚   в”њв”Ђв”Ђ bevy_internal 0.11.0
в”‚   в”‚       в”‚   в””в”Ђв”Ђ bevy_gizmos 0.11.0
в”‚   в”‚       в”‚       в””в”Ђв”Ђ bevy_internal 0.11.0
в”‚   в”‚       в”њв”Ђв”Ђ bevy_scene 0.11.0
в”‚   в”‚       в”‚   в”њв”Ђв”Ђ bevy_internal 0.11.0
в”‚   в”‚       в”‚   в””в”Ђв”Ђ bevy_gltf 0.11.0
в”‚   в”‚       в”‚       в””в”Ђв”Ђ bevy_internal 0.11.0
в”‚   в”‚       в”њв”Ђв”Ђ bevy_render 0.11.0
в”‚   в”‚       в”‚   в”њв”Ђв”Ђ bevy_ui 0.11.0
в”‚   в”‚       в”‚   в”њв”Ђв”Ђ bevy_text 0.11.0
в”‚   в”‚       в”‚   в”њв”Ђв”Ђ bevy_sprite 0.11.0
в”‚   в”‚       в”‚   в”њв”Ђв”Ђ bevy_scene 0.11.0
в”‚   в”‚       в”‚   в”њв”Ђв”Ђ bevy_pbr 0.11.0
в”‚   в”‚       в”‚   в”‚   в”њв”Ђв”Ђ bevy_internal 0.11.0
в”‚   в”‚       в”‚   в”‚   в”њв”Ђв”Ђ bevy_gltf 0.11.0
в”‚   в”‚       в”‚   в”‚   в””в”Ђв”Ђ bevy_gizmos 0.11.0
в”‚   в”‚       в”‚   в”њв”Ђв”Ђ bevy_internal 0.11.0
в”‚   в”‚       в”‚   в”њв”Ђв”Ђ bevy_gltf 0.11.0
в”‚   в”‚       в”‚   в”њв”Ђв”Ђ bevy_gizmos 0.11.0
в”‚   в”‚       в”‚   в”њв”Ђв”Ђ bevy_core_pipeline 0.11.0
в”‚   в”‚       в”‚   в”‚   в”њв”Ђв”Ђ bevy_ui 0.11.0
в”‚   в”‚       в”‚   в”‚   в”њв”Ђв”Ђ bevy_sprite 0.11.0
в”‚   в”‚       в”‚   в”‚   в”њв”Ђв”Ђ bevy_pbr 0.11.0
в”‚   в”‚       в”‚   в”‚   в”њв”Ђв”Ђ bevy_internal 0.11.0
в”‚   в”‚       в”‚   в”‚   в”њв”Ђв”Ђ bevy_gltf 0.11.0
в”‚   в”‚       в”‚   в”‚   в””в”Ђв”Ђ bevy_gizmos 0.11.0
в”‚   в”‚       в”‚   в””в”Ђв”Ђ bevy_animation 0.11.0
в”‚   в”‚       в”‚       в”њв”Ђв”Ђ bevy_internal 0.11.0
в”‚   в”‚       в”‚       в””в”Ђв”Ђ bevy_gltf 0.11.0
в”‚   в”‚       в”њв”Ђв”Ђ bevy_pbr 0.11.0
в”‚   в”‚       в”њв”Ђв”Ђ bevy_internal 0.11.0
в”‚   в”‚       в”њв”Ђв”Ђ bevy_gltf 0.11.0
в”‚   в”‚       в”њв”Ђв”Ђ bevy_gizmos 0.11.0
в”‚   в”‚       в”њв”Ђв”Ђ bevy_core_pipeline 0.11.0
в”‚   в”‚       в”њв”Ђв”Ђ bevy_audio 0.11.0
в”‚   в”‚       в”‚   в””в”Ђв”Ђ bevy_internal 0.11.0
в”‚   в”‚       в””в”Ђв”Ђ bevy_animation 0.11.0
в”‚   в””в”Ђв”Ђ accesskit_winit 0.14.1
в”‚       в””в”Ђв”Ђ bevy_winit 0.11.0
в”њв”Ђв”Ђ fastrand 1.9.0
в”‚   в”њв”Ђв”Ђ futures-lite 1.13.0
в”‚   в”‚   в”њв”Ђв”Ђ bevy_tasks 0.11.0
в”‚   в”‚   в”‚   в”њв”Ђв”Ђ bevy_winit 0.11.0
в”‚   в”‚   в”‚   в”њв”Ђв”Ђ bevy_render 0.11.0
в”‚   в”‚   в”‚   в”њв”Ђв”Ђ bevy_internal 0.11.0
в”‚   в”‚   в”‚   в”њв”Ђв”Ђ bevy_gltf 0.11.0
в”‚   в”‚   в”‚   в”њв”Ђв”Ђ bevy_ecs 0.11.0
в”‚   в”‚   в”‚   в”‚   в”њв”Ђв”Ђ bevy_winit 0.11.0
в”‚   в”‚   в”‚   в”‚   в”њв”Ђв”Ђ bevy_window 0.11.0
в”‚   в”‚   в”‚   в”‚   в”‚   в”њв”Ђв”Ђ bevy_winit 0.11.0
в”‚   в”‚   в”‚   в”‚   в”‚   в”њв”Ђв”Ђ bevy_ui 0.11.0
в”‚   в”‚   в”‚   в”‚   в”‚   в”њв”Ђв”Ђ bevy_text 0.11.0
в”‚   в”‚   в”‚   в”‚   в”‚   в”њв”Ђв”Ђ bevy_render 0.11.0
в”‚   в”‚   в”‚   в”‚   в”‚   в”њв”Ђв”Ђ bevy_pbr 0.11.0
в”‚   в”‚   в”‚   в”‚   в”‚   в””в”Ђв”Ђ bevy_internal 0.11.0
в”‚   в”‚   в”‚   в”‚   в”њв”Ђв”Ђ bevy_ui 0.11.0
в”‚   в”‚   в”‚   в”‚   в”њв”Ђв”Ђ bevy_transform 0.11.0
в”‚   в”‚   в”‚   в”‚   в”‚   в”њв”Ђв”Ђ bevy_ui 0.11.0
в”‚   в”‚   в”‚   в”‚   в”‚   в”њв”Ђв”Ђ bevy_text 0.11.0
в”‚   в”‚   в”‚   в”‚   в”‚   в”њв”Ђв”Ђ bevy_sprite 0.11.0
в”‚   в”‚   в”‚   в”‚   в”‚   в”њв”Ђв”Ђ bevy_scene 0.11.0
в”‚   в”‚   в”‚   в”‚   в”‚   в”њв”Ђв”Ђ bevy_render 0.11.0
в”‚   в”‚   в”‚   в”‚   в”‚   в”њв”Ђв”Ђ bevy_pbr 0.11.0
в”‚   в”‚   в”‚   в”‚   в”‚   в”њв”Ђв”Ђ bevy_internal 0.11.0
в”‚   в”‚   в”‚   в”‚   в”‚   в”њв”Ђв”Ђ bevy_gltf 0.11.0
в”‚   в”‚   в”‚   в”‚   в”‚   в”њв”Ђв”Ђ bevy_gizmos 0.11.0
в”‚   в”‚   в”‚   в”‚   в”‚   в”њв”Ђв”Ђ bevy_core_pipeline 0.11.0
в”‚   в”‚   в”‚   в”‚   в”‚   в”њв”Ђв”Ђ bevy_audio 0.11.0
в”‚   в”‚   в”‚   в”‚   в”‚   в””в”Ђв”Ђ bevy_animation 0.11.0
в”‚   в”‚   в”‚   в”‚   в”њв”Ђв”Ђ bevy_time 0.11.0
в”‚   в”‚   в”‚   в”‚   в”‚   в”њв”Ђв”Ђ bevy_render 0.11.0
в”‚   в”‚   в”‚   в”‚   в”‚   в”њв”Ђв”Ђ bevy_internal 0.11.0
в”‚   в”‚   в”‚   в”‚   в”‚   в”њв”Ђв”Ђ bevy_gilrs 0.11.0
в”‚   в”‚   в”‚   в”‚   в”‚   в”‚   в””в”Ђв”Ђ bevy_internal 0.11.0
в”‚   в”‚   в”‚   в”‚   в”‚   в”њв”Ђв”Ђ bevy_diagnostic 0.11.0
в”‚   в”‚   в”‚   в”‚   в”‚   в”‚   в”њв”Ђв”Ђ bevy_internal 0.11.0
в”‚   в”‚   в”‚   в”‚   в”‚   в”‚   в””в”Ђв”Ђ bevy_asset 0.11.0
в”‚   в”‚   в”‚   в”‚   в”‚   в””в”Ђв”Ђ bevy_animation 0.11.0
в”‚   в”‚   в”‚   в”‚   в”њв”Ђв”Ђ bevy_text 0.11.0
в”‚   в”‚   в”‚   в”‚   в”њв”Ђв”Ђ bevy_sprite 0.11.0
в”‚   в”‚   в”‚   в”‚   в”њв”Ђв”Ђ bevy_scene 0.11.0
в”‚   в”‚   в”‚   в”‚   в”њв”Ђв”Ђ bevy_render 0.11.0
в”‚   в”‚   в”‚   в”‚   в”њв”Ђв”Ђ bevy_pbr 0.11.0
в”‚   в”‚   в”‚   в”‚   в”њв”Ђв”Ђ bevy_log 0.11.0
в”‚   в”‚   в”‚   в”‚   в”‚   в”њв”Ђв”Ђ bevy_ui 0.11.0
в”‚   в”‚   в”‚   в”‚   в”‚   в”њв”Ђв”Ђ bevy_sprite 0.11.0
в”‚   в”‚   в”‚   в”‚   в”‚   в”њв”Ђв”Ђ bevy_render 0.11.0
в”‚   в”‚   в”‚   в”‚   в”‚   в”њв”Ђв”Ђ bevy_internal 0.11.0
в”‚   в”‚   в”‚   в”‚   в”‚   в”њв”Ђв”Ђ bevy_hierarchy 0.11.0
в”‚   в”‚   в”‚   в”‚   в”‚   в”‚   в”њв”Ђв”Ђ bevy_winit 0.11.0
в”‚   в”‚   в”‚   в”‚   в”‚   в”‚   в”њв”Ђв”Ђ bevy_ui 0.11.0
в”‚   в”‚   в”‚   в”‚   в”‚   в”‚   в”њв”Ђв”Ђ bevy_transform 0.11.0
в”‚   в”‚   в”‚   в”‚   в”‚   в”‚   в”њв”Ђв”Ђ bevy_scene 0.11.0
в”‚   в”‚   в”‚   в”‚   в”‚   в”‚   в”њв”Ђв”Ђ bevy_render 0.11.0
в”‚   в”‚   в”‚   в”‚   в”‚   в”‚   в”њв”Ђв”Ђ bevy_internal 0.11.0
в”‚   в”‚   в”‚   в”‚   в”‚   в”‚   в”њв”Ђв”Ђ bevy_gltf 0.11.0
в”‚   в”‚   в”‚   в”‚   в”‚   в”‚   в””в”Ђв”Ђ bevy_animation 0.11.0
в”‚   в”‚   в”‚   в”‚   в”‚   в”њв”Ђв”Ђ bevy_gltf 0.11.0
в”‚   в”‚   в”‚   в”‚   в”‚   в”њв”Ђв”Ђ bevy_gilrs 0.11.0
в”‚   в”‚   в”‚   в”‚   в”‚   в”њв”Ђв”Ђ bevy_diagnostic 0.11.0
в”‚   в”‚   в”‚   в”‚   в”‚   в””в”Ђв”Ђ bevy_asset 0.11.0
в”‚   в”‚   в”‚   в”‚   в”њв”Ђв”Ђ bevy_internal 0.11.0
в”‚   в”‚   в”‚   в”‚   в”њв”Ђв”Ђ bevy_input 0.11.0
в”‚   в”‚   в”‚   в”‚   в”‚   в”њв”Ђв”Ђ bevy_winit 0.11.0
в”‚   в”‚   в”‚   в”‚   в”‚   в”њв”Ђв”Ђ bevy_window 0.11.0
в”‚   в”‚   в”‚   в”‚   в”‚   в”њв”Ђв”Ђ bevy_ui 0.11.0
в”‚   в”‚   в”‚   в”‚   в”‚   в”њв”Ђв”Ђ bevy_internal 0.11.0
в”‚   в”‚   в”‚   в”‚   в”‚   в””в”Ђв”Ђ bevy_gilrs 0.11.0
в”‚   в”‚   в”‚   в”‚   в”њв”Ђв”Ђ bevy_hierarchy 0.11.0
в”‚   в”‚   в”‚   в”‚   в”њв”Ђв”Ђ bevy_gltf 0.11.0
в”‚   в”‚   в”‚   в”‚   в”њв”Ђв”Ђ bevy_gizmos 0.11.0
в”‚   в”‚   в”‚   в”‚   в”њв”Ђв”Ђ bevy_gilrs 0.11.0
в”‚   в”‚   в”‚   в”‚   в”њв”Ђв”Ђ bevy_diagnostic 0.11.0
в”‚   в”‚   в”‚   в”‚   в”њв”Ђв”Ђ bevy_core_pipeline 0.11.0
в”‚   в”‚   в”‚   в”‚   в”њв”Ђв”Ђ bevy_core 0.11.0
в”‚   в”‚   в”‚   в”‚   в”‚   в”њв”Ђв”Ђ bevy_render 0.11.0
в”‚   в”‚   в”‚   в”‚   в”‚   в”њв”Ђв”Ђ bevy_internal 0.11.0
в”‚   в”‚   в”‚   в”‚   в”‚   в”њв”Ђв”Ђ bevy_hierarchy 0.11.0
в”‚   в”‚   в”‚   в”‚   в”‚   в”њв”Ђв”Ђ bevy_gltf 0.11.0
в”‚   в”‚   в”‚   в”‚   в”‚   в”њв”Ђв”Ђ bevy_gizmos 0.11.0
в”‚   в”‚   в”‚   в”‚   в”‚   в”њв”Ђв”Ђ bevy_diagnostic 0.11.0
в”‚   в”‚   в”‚   в”‚   в”‚   в”њв”Ђв”Ђ bevy_core_pipeline 0.11.0
в”‚   в”‚   в”‚   в”‚   в”‚   в””в”Ђв”Ђ bevy_animation 0.11.0
в”‚   в”‚   в”‚   в”‚   в”њв”Ђв”Ђ bevy_audio 0.11.0
в”‚   в”‚   в”‚   в”‚   в”њв”Ђв”Ђ bevy_asset 0.11.0
в”‚   в”‚   в”‚   в”‚   в”њв”Ђв”Ђ bevy_app 0.11.0
в”‚   в”‚   в”‚   в”‚   в”‚   в”њв”Ђв”Ђ bevy_winit 0.11.0
в”‚   в”‚   в”‚   в”‚   в”‚   в”њв”Ђв”Ђ bevy_window 0.11.0
в”‚   в”‚   в”‚   в”‚   в”‚   в”њв”Ђв”Ђ bevy_ui 0.11.0
в”‚   в”‚   в”‚   в”‚   в”‚   в”њв”Ђв”Ђ bevy_transform 0.11.0
в”‚   в”‚   в”‚   в”‚   в”‚   в”њв”Ђв”Ђ bevy_time 0.11.0
в”‚   в”‚   в”‚   в”‚   в”‚   в”њв”Ђв”Ђ bevy_text 0.11.0
в”‚   в”‚   в”‚   в”‚   в”‚   в”њв”Ђв”Ђ bevy_sprite 0.11.0
в”‚   в”‚   в”‚   в”‚   в”‚   в”њв”Ђв”Ђ bevy_scene 0.11.0
в”‚   в”‚   в”‚   в”‚   в”‚   в”њв”Ђв”Ђ bevy_render 0.11.0
в”‚   в”‚   в”‚   в”‚   в”‚   в”њв”Ђв”Ђ bevy_pbr 0.11.0
в”‚   в”‚   в”‚   в”‚   в”‚   в”њв”Ђв”Ђ bevy_log 0.11.0
в”‚   в”‚   в”‚   в”‚   в”‚   в”њв”Ђв”Ђ bevy_internal 0.11.0
в”‚   в”‚   в”‚   в”‚   в”‚   в”њв”Ђв”Ђ bevy_input 0.11.0
в”‚   в”‚   в”‚   в”‚   в”‚   в”њв”Ђв”Ђ bevy_hierarchy 0.11.0
в”‚   в”‚   в”‚   в”‚   в”‚   в”њв”Ђв”Ђ bevy_gltf 0.11.0
в”‚   в”‚   в”‚   в”‚   в”‚   в”њв”Ђв”Ђ bevy_gizmos 0.11.0
в”‚   в”‚   в”‚   в”‚   в”‚   в”њв”Ђв”Ђ bevy_gilrs 0.11.0
в”‚   в”‚   в”‚   в”‚   в”‚   в”њв”Ђв”Ђ bevy_diagnostic 0.11.0
в”‚   в”‚   в”‚   в”‚   в”‚   в”њв”Ђв”Ђ bevy_core_pipeline 0.11.0
в”‚   в”‚   в”‚   в”‚   в”‚   в”њв”Ђв”Ђ bevy_core 0.11.0
в”‚   в”‚   в”‚   в”‚   в”‚   в”њв”Ђв”Ђ bevy_audio 0.11.0
в”‚   в”‚   в”‚   в”‚   в”‚   в”њв”Ђв”Ђ bevy_asset 0.11.0
в”‚   в”‚   в”‚   в”‚   в”‚   в”њв”Ђв”Ђ bevy_animation 0.11.0
в”‚   в”‚   в”‚   в”‚   в”‚   в””в”Ђв”Ђ bevy_a11y 0.11.0
в”‚   в”‚   в”‚   в”‚   в”‚       в”њв”Ђв”Ђ bevy_winit 0.11.0
в”‚   в”‚   в”‚   в”‚   в”‚       в”њв”Ђв”Ђ bevy_ui 0.11.0
в”‚   в”‚   в”‚   в”‚   в”‚       в””в”Ђв”Ђ bevy_internal 0.11.0
в”‚   в”‚   в”‚   в”‚   в”њв”Ђв”Ђ bevy_animation 0.11.0
в”‚   в”‚   в”‚   в”‚   в””в”Ђв”Ђ bevy_a11y 0.11.0
в”‚   в”‚   в”‚   в”њв”Ђв”Ђ bevy_core 0.11.0
в”‚   в”‚   в”‚   в”њв”Ђв”Ђ bevy_asset 0.11.0
в”‚   в”‚   в”‚   в””в”Ђв”Ђ bevy_app 0.11.0
в”‚   в”‚   в”њв”Ђв”Ђ bevy_render 0.11.0
в”‚   в”‚   в””в”Ђв”Ђ async-executor 1.5.1
в”‚   в”‚       в””в”Ђв”Ђ bevy_tasks 0.11.0
в”‚   в”њв”Ђв”Ђ bevy_asset 0.11.0
в”‚   в””в”Ђв”Ђ async-executor 1.5.1
в””в”Ђв”Ђ bevy_utils 0.11.0
    в”њв”Ђв”Ђ bevy_winit 0.11.0
    в”њв”Ђв”Ђ bevy_window 0.11.0
    в”њв”Ђв”Ђ bevy_ui 0.11.0
    в”њв”Ђв”Ђ bevy_time 0.11.0
    в”њв”Ђв”Ђ bevy_text 0.11.0
    в”њв”Ђв”Ђ bevy_sprite 0.11.0
    в”њв”Ђв”Ђ bevy_scene 0.11.0
    в”њв”Ђв”Ђ bevy_render 0.11.0
    в”њв”Ђв”Ђ bevy_reflect 0.11.0
    в”‚   в”њв”Ђв”Ђ bevy_window 0.11.0
    в”‚   в”њв”Ђв”Ђ bevy_ui 0.11.0
    в”‚   в”њв”Ђв”Ђ bevy_transform 0.11.0
    в”‚   в”њв”Ђв”Ђ bevy_time 0.11.0
    в”‚   в”њв”Ђв”Ђ bevy_text 0.11.0
    в”‚   в”њв”Ђв”Ђ bevy_sprite 0.11.0
    в”‚   в”њв”Ђв”Ђ bevy_scene 0.11.0
    в”‚   в”њв”Ђв”Ђ bevy_render 0.11.0
    в”‚   в”њв”Ђв”Ђ bevy_pbr 0.11.0
    в”‚   в”њв”Ђв”Ђ bevy_internal 0.11.0
    в”‚   в”њв”Ђв”Ђ bevy_input 0.11.0
    в”‚   в”њв”Ђв”Ђ bevy_hierarchy 0.11.0
    в”‚   в”њв”Ђв”Ђ bevy_gltf 0.11.0
    в”‚   в”њв”Ђв”Ђ bevy_gizmos 0.11.0
    в”‚   в”њв”Ђв”Ђ bevy_ecs 0.11.0
    в”‚   в”њв”Ђв”Ђ bevy_core_pipeline 0.11.0
    в”‚   в”њв”Ђв”Ђ bevy_core 0.11.0
    в”‚   в”њв”Ђв”Ђ bevy_audio 0.11.0
    в”‚   в”њв”Ђв”Ђ bevy_asset 0.11.0
    в”‚   в”њв”Ђв”Ђ bevy_app 0.11.0
    в”‚   в””в”Ђв”Ђ bevy_animation 0.11.0
    в”њв”Ђв”Ђ bevy_pbr 0.11.0
    в”њв”Ђв”Ђ bevy_log 0.11.0
    в”њв”Ђв”Ђ bevy_internal 0.11.0
    в”њв”Ђв”Ђ bevy_input 0.11.0
    в”њв”Ђв”Ђ bevy_hierarchy 0.11.0
    в”њв”Ђв”Ђ bevy_gltf 0.11.0
    в”њв”Ђв”Ђ bevy_gizmos 0.11.0
    в”њв”Ђв”Ђ bevy_gilrs 0.11.0
    в”њв”Ђв”Ђ bevy_ecs 0.11.0
    в”њв”Ђв”Ђ bevy_diagnostic 0.11.0
    в”њв”Ђв”Ђ bevy_core_pipeline 0.11.0
    в”њв”Ђв”Ђ bevy_core 0.11.0
    в”њв”Ђв”Ђ bevy_audio 0.11.0
    в”њв”Ђв”Ђ bevy_asset 0.11.0
    в”њв”Ђв”Ђ bevy_app 0.11.0
    в””в”Ђв”Ђ bevy_animation 0.11.0

Crate:     paste
Version:   1.0.14
Warning:   unmaintained
Title:     paste - no longer maintained
Date:      2024-10-07
ID:        RUSTSEC-2024-0436
URL:       https://rustsec.org/advisories/RUSTSEC-2024-0436
Dependency tree:
paste 1.0.14
в”њв”Ђв”Ђ kd-tree 0.5.1
в”‚   в””в”Ђв”Ђ ants 0.1.0
в””в”Ђв”Ђ accesskit_windows 0.14.0
    в””в”Ђв”Ђ accesskit_winit 0.14.1
        в””в”Ђв”Ђ bevy_winit 0.11.0
            в”њв”Ђв”Ђ bevy_internal 0.11.0
            в”‚   в””в”Ђв”Ђ bevy 0.11.0
            в”‚       в”њв”Ђв”Ђ bevy_pancam 0.9.0
            в”‚       в”‚   в””в”Ђв”Ђ ants 0.1.0
            в”‚       в”њв”Ђв”Ђ bevy_egui 0.21.0
            в”‚       в”‚   в””в”Ђв”Ђ ants 0.1.0
            в”‚       в””в”Ђв”Ђ ants 0.1.0
            в””в”Ђв”Ђ bevy_asset 0.11.0
                в”њв”Ђв”Ђ bevy_ui 0.11.0
                в”‚   в””в”Ђв”Ђ bevy_internal 0.11.0
                в”њв”Ђв”Ђ bevy_text 0.11.0
                в”‚   в”њв”Ђв”Ђ bevy_ui 0.11.0
                в”‚   в””в”Ђв”Ђ bevy_internal 0.11.0
                в”њв”Ђв”Ђ bevy_sprite 0.11.0
                в”‚   в”њв”Ђв”Ђ bevy_ui 0.11.0
                в”‚   в”њв”Ђв”Ђ bevy_text 0.11.0
                в”‚   в”њв”Ђв”Ђ bevy_internal 0.11.0
                в”‚   в””в”Ђв”Ђ bevy_gizmos 0.11.0
                в”‚       в””в”Ђв”Ђ bevy_internal 0.11.0
                в”њв”Ђв”Ђ bevy_scene 0.11.0
                в”‚   в”њв”Ђв”Ђ bevy_internal 0.11.0
                в”‚   в””в”Ђв”Ђ bevy_gltf 0.11.0
                в”‚       в””в”Ђв”Ђ bevy_internal 0.11.0
                в”њв”Ђв”Ђ bevy_render 0.11.0
                в”‚   в”њв”Ђв”Ђ bevy_ui 0.11.0
                в”‚   в”њв”Ђв”Ђ bevy_text 0.11.0
                в”‚   в”њв”Ђв”Ђ bevy_sprite 0.11.0
                в”‚   в”њв”Ђв”Ђ bevy_scene 0.11.0
                в”‚   в”њв”Ђв”Ђ bevy_pbr 0.11.0
                в”‚   в”‚   в”њв”Ђв”Ђ bevy_internal 0.11.0
                в”‚   в”‚   в”њв”Ђв”Ђ bevy_gltf 0.11.0
                в”‚   в”‚   в””в”Ђв”Ђ bevy_gizmos 0.11.0
                в”‚   в”њв”Ђв”Ђ bevy_internal 0.11.0
                в”‚   в”њв”Ђв”Ђ bevy_gltf 0.11.0
                в”‚   в”њв”Ђв”Ђ bevy_gizmos 0.11.0
                в”‚   в”њв”Ђв”Ђ bevy_core_pipeline 0.11.0
                в”‚   в”‚   в”њв”Ђв”Ђ bevy_ui 0.11.0
                в”‚   в”‚   в”њв”Ђв”Ђ bevy_sprite 0.11.0
                в”‚   в”‚   в”њв”Ђв”Ђ bevy_pbr 0.11.0
                в”‚   в”‚   в”њв”Ђв”Ђ bevy_internal 0.11.0
                в”‚   в”‚   в”њв”Ђв”Ђ bevy_gltf 0.11.0
                в”‚   в”‚   в””в”Ђв”Ђ bevy_gizmos 0.11.0
                в”‚   в””в”Ђв”Ђ bevy_animation 0.11.0
                в”‚       в”њв”Ђв”Ђ bevy_internal 0.11.0
                в”‚       в””в”Ђв”Ђ bevy_gltf 0.11.0
                в”њв”Ђв”Ђ bevy_pbr 0.11.0
                в”њв”Ђв”Ђ bevy_internal 0.11.0
                в”њв”Ђв”Ђ bevy_gltf 0.11.0
                в”њв”Ђв”Ђ bevy_gizmos 0.11.0
                в”њв”Ђв”Ђ bevy_core_pipeline 0.11.0
                в”њв”Ђв”Ђ bevy_audio 0.11.0
                в”‚   в””в”Ђв”Ђ bevy_internal 0.11.0
                в””в”Ђв”Ђ bevy_animation 0.11.0

Crate:     ahash
Version:   0.7.6
Warning:   yanked
Dependency tree:
ahash 0.7.6
в””в”Ђв”Ђ hashbrown 0.12.3
    в”њв”Ђв”Ђ indexmap 1.9.3
    в”‚   в”њв”Ђв”Ђ petgraph 0.6.3
    в”‚   в”‚   в””в”Ђв”Ђ bevy_utils 0.11.0
    в”‚   в”‚       в”њв”Ђв”Ђ bevy_winit 0.11.0
    в”‚   в”‚       в”‚   в”њв”Ђв”Ђ bevy_internal 0.11.0
    в”‚   в”‚       в”‚   в”‚   в””в”Ђв”Ђ bevy 0.11.0
    в”‚   в”‚       в”‚   в”‚       в”њв”Ђв”Ђ bevy_pancam 0.9.0
    в”‚   в”‚       в”‚   в”‚       в”‚   в””в”Ђв”Ђ ants 0.1.0
    в”‚   в”‚       в”‚   в”‚       в”њв”Ђв”Ђ bevy_egui 0.21.0
    в”‚   в”‚       в”‚   в”‚       в”‚   в””в”Ђв”Ђ ants 0.1.0
    в”‚   в”‚       в”‚   в”‚       в””в”Ђв”Ђ ants 0.1.0
    в”‚   в”‚       в”‚   в””в”Ђв”Ђ bevy_asset 0.11.0
    в”‚   в”‚       в”‚       в”њв”Ђв”Ђ bevy_ui 0.11.0
    в”‚   в”‚       в”‚       в”‚   в””в”Ђв”Ђ bevy_internal 0.11.0
    в”‚   в”‚       в”‚       в”њв”Ђв”Ђ bevy_text 0.11.0
    в”‚   в”‚       в”‚       в”‚   в”њв”Ђв”Ђ bevy_ui 0.11.0
    в”‚   в”‚       в”‚       в”‚   в””в”Ђв”Ђ bevy_internal 0.11.0
    в”‚   в”‚       в”‚       в”њв”Ђв”Ђ bevy_sprite 0.11.0
    в”‚   в”‚       в”‚       в”‚   в”њв”Ђв”Ђ bevy_ui 0.11.0
    в”‚   в”‚       в”‚       в”‚   в”њв”Ђв”Ђ bevy_text 0.11.0
    в”‚   в”‚       в”‚       в”‚   в”њв”Ђв”Ђ bevy_internal 0.11.0
    в”‚   в”‚       в”‚       в”‚   в””в”Ђв”Ђ bevy_gizmos 0.11.0
    в”‚   в”‚       в”‚       в”‚       в””в”Ђв”Ђ bevy_internal 0.11.0
    в”‚   в”‚       в”‚       в”њв”Ђв”Ђ bevy_scene 0.11.0
    в”‚   в”‚       в”‚       в”‚   в”њв”Ђв”Ђ bevy_internal 0.11.0
    в”‚   в”‚       в”‚       в”‚   в””в”Ђв”Ђ bevy_gltf 0.11.0
    в”‚   в”‚       в”‚       в”‚       в””в”Ђв”Ђ bevy_internal 0.11.0
    в”‚   в”‚       в”‚       в”њв”Ђв”Ђ bevy_render 0.11.0
    в”‚   в”‚       в”‚       в”‚   в”њв”Ђв”Ђ bevy_ui 0.11.0
    в”‚   в”‚       в”‚       в”‚   в”њв”Ђв”Ђ bevy_text 0.11.0
    в”‚   в”‚       в”‚       в”‚   в”њв”Ђв”Ђ bevy_sprite 0.11.0
    в”‚   в”‚       в”‚       в”‚   в”њв”Ђв”Ђ bevy_scene 0.11.0
    в”‚   в”‚       в”‚       в”‚   в”њв”Ђв”Ђ bevy_pbr 0.11.0
    в”‚   в”‚       в”‚       в”‚   в”‚   в”њв”Ђв”Ђ bevy_internal 0.11.0
    в”‚   в”‚       в”‚       в”‚   в”‚   в”њв”Ђв”Ђ bevy_gltf 0.11.0
    в”‚   в”‚       в”‚       в”‚   в”‚   в””в”Ђв”Ђ bevy_gizmos 0.11.0
    в”‚   в”‚       в”‚       в”‚   в”њв”Ђв”Ђ bevy_internal 0.11.0
    в”‚   в”‚       в”‚       в”‚   в”њв”Ђв”Ђ bevy_gltf 0.11.0
    в”‚   в”‚       в”‚       в”‚   в”њв”Ђв”Ђ bevy_gizmos 0.11.0
    в”‚   в”‚       в”‚       в”‚   в”њв”Ђв”Ђ bevy_core_pipeline 0.11.0
    в”‚   в”‚       в”‚       в”‚   в”‚   в”њв”Ђв”Ђ bevy_ui 0.11.0
    в”‚   в”‚       в”‚       в”‚   в”‚   в”њв”Ђв”Ђ bevy_sprite 0.11.0
    в”‚   в”‚       в”‚       в”‚   в”‚   в”њв”Ђв”Ђ bevy_pbr 0.11.0
    в”‚   в”‚       в”‚       в”‚   в”‚   в”њв”Ђв”Ђ bevy_internal 0.11.0
    в”‚   в”‚       в”‚       в”‚   в”‚   в”њв”Ђв”Ђ bevy_gltf 0.11.0
    в”‚   в”‚       в”‚       в”‚   в”‚   в””в”Ђв”Ђ bevy_gizmos 0.11.0
    в”‚   в”‚       в”‚       в”‚   в””в”Ђв”Ђ bevy_animation 0.11.0
    в”‚   в”‚       в”‚       в”‚       в”њв”Ђв”Ђ bevy_internal 0.11.0
    в”‚   в”‚       в”‚       в”‚       в””в”Ђв”Ђ bevy_gltf 0.11.0
    в”‚   в”‚       в”‚       в”њв”Ђв”Ђ bevy_pbr 0.11.0
    в”‚   в”‚       в”‚       в”њв”Ђв”Ђ bevy_internal 0.11.0
    в”‚   в”‚       в”‚       в”њв”Ђв”Ђ bevy_gltf 0.11.0
    в”‚   в”‚       в”‚       в”њв”Ђв”Ђ bevy_gizmos 0.11.0
    в”‚   в”‚       в”‚       в”њв”Ђв”Ђ bevy_core_pipeline 0.11.0
    в”‚   в”‚       в”‚       в”њв”Ђв”Ђ bevy_audio 0.11.0
    в”‚   в”‚       в”‚       в”‚   в””в”Ђв”Ђ bevy_internal 0.11.0
    в”‚   в”‚       в”‚       в””в”Ђв”Ђ bevy_animation 0.11.0
    в”‚   в”‚       в”њв”Ђв”Ђ bevy_window 0.11.0
    в”‚   в”‚       в”‚   в”њв”Ђв”Ђ bevy_winit 0.11.0
    в”‚   в”‚       в”‚   в”њв”Ђв”Ђ bevy_ui 0.11.0
    в”‚   в”‚       в”‚   в”њв”Ђв”Ђ bevy_text 0.11.0
    в”‚   в”‚       в”‚   в”њв”Ђв”Ђ bevy_render 0.11.0
    в”‚   в”‚       в”‚   в”њв”Ђв”Ђ bevy_pbr 0.11.0
    в”‚   в”‚       в”‚   в””в”Ђв”Ђ bevy_internal 0.11.0
    в”‚   в”‚       в”њв”Ђв”Ђ bevy_ui 0.11.0
    в”‚   в”‚       в”њв”Ђв”Ђ bevy_time 0.11.0
    в”‚   в”‚       в”‚   в”њв”Ђв”Ђ bevy_render 0.11.0
    в”‚   в”‚       в”‚   в”њв”Ђв”Ђ bevy_internal 0.11.0
    в”‚   в”‚       в”‚   в”њв”Ђв”Ђ bevy_gilrs 0.11.0
    в”‚   в”‚       в”‚   в”‚   в””в”Ђв”Ђ bevy_internal 0.11.0
    в”‚   в”‚       в”‚   в”њв”Ђв”Ђ bevy_diagnostic 0.11.0
    в”‚   в”‚       в”‚   в”‚   в”њв”Ђв”Ђ bevy_internal 0.11.0
    в”‚   в”‚       в”‚   в”‚   в””в”Ђв”Ђ bevy_asset 0.11.0
    в”‚   в”‚       в”‚   в””в”Ђв”Ђ bevy_animation 0.11.0
    в”‚   в”‚       в”њв”Ђв”Ђ bevy_text 0.11.0
    в”‚   в”‚       в”њв”Ђв”Ђ bevy_sprite 0.11.0
    в”‚   в”‚       в”њв”Ђв”Ђ bevy_scene 0.11.0
    в”‚   в”‚       в”њв”Ђв”Ђ bevy_render 0.11.0
    в”‚   в”‚       в”њв”Ђв”Ђ bevy_reflect 0.11.0
    в”‚   в”‚       в”‚   в”њв”Ђв”Ђ bevy_window 0.11.0
    в”‚   в”‚       в”‚   в”њв”Ђв”Ђ bevy_ui 0.11.0
    в”‚   в”‚       в”‚   в”њв”Ђв”Ђ bevy_transform 0.11.0
    в”‚   в”‚       в”‚   в”‚   в”њв”Ђв”Ђ bevy_ui 0.11.0
    в”‚   в”‚       в”‚   в”‚   в”њв”Ђв”Ђ bevy_text 0.11.0
    в”‚   в”‚       в”‚   в”‚   в”њв”Ђв”Ђ bevy_sprite 0.11.0
    в”‚   в”‚       в”‚   в”‚   в”њв”Ђв”Ђ bevy_scene 0.11.0
    в”‚   в”‚       в”‚   в”‚   в”њв”Ђв”Ђ bevy_render 0.11.0
    в”‚   в”‚       в”‚   в”‚   в”њв”Ђв”Ђ bevy_pbr 0.11.0
    в”‚   в”‚       в”‚   в”‚   в”њв”Ђв”Ђ bevy_internal 0.11.0
    в”‚   в”‚       в”‚   в”‚   в”њв”Ђв”Ђ bevy_gltf 0.11.0
    в”‚   в”‚       в”‚   в”‚   в”њв”Ђв”Ђ bevy_gizmos 0.11.0
    в”‚   в”‚       в”‚   в”‚   в”њв”Ђв”Ђ bevy_core_pipeline 0.11.0
    в”‚   в”‚       в”‚   в”‚   в”њв”Ђв”Ђ bevy_audio 0.11.0
    в”‚   в”‚       в”‚   в”‚   в””в”Ђв”Ђ bevy_animation 0.11.0
    в”‚   в”‚       в”‚   в”њв”Ђв”Ђ bevy_time 0.11.0
    в”‚   в”‚       в”‚   в”њв”Ђв”Ђ bevy_text 0.11.0
    в”‚   в”‚       в”‚   в”њв”Ђв”Ђ bevy_sprite 0.11.0
    в”‚   в”‚       в”‚   в”њв”Ђв”Ђ bevy_scene 0.11.0
    в”‚   в”‚       в”‚   в”њв”Ђв”Ђ bevy_render 0.11.0
    в”‚   в”‚       в”‚   в”њв”Ђв”Ђ bevy_pbr 0.11.0
    в”‚   в”‚       в”‚   в”њв”Ђв”Ђ bevy_internal 0.11.0
    в”‚   в”‚       в”‚   в”њв”Ђв”Ђ bevy_input 0.11.0
    в”‚   в”‚       в”‚   в”‚   в”њв”Ђв”Ђ bevy_winit 0.11.0
    в”‚   в”‚       в”‚   в”‚   в”њв”Ђв”Ђ bevy_window 0.11.0
    в”‚   в”‚       в”‚   в”‚   в”њв”Ђв”Ђ bevy_ui 0.11.0
    в”‚   в”‚       в”‚   в”‚   в”њв”Ђв”Ђ bevy_internal 0.11.0
    в”‚   в”‚       в”‚   в”‚   в””в”Ђв”Ђ bevy_gilrs 0.11.0
    в”‚   в”‚       в”‚   в”њв”Ђв”Ђ bevy_hierarchy 0.11.0
    в”‚   в”‚       в”‚   в”‚   в”њв”Ђв”Ђ bevy_winit 0.11.0
    в”‚   в”‚       в”‚   в”‚   в”њв”Ђв”Ђ bevy_ui 0.11.0
    в”‚   в”‚       в”‚   в”‚   в”њв”Ђв”Ђ bevy_transform 0.11.0
    в”‚   в”‚       в”‚   в”‚   в”њв”Ђв”Ђ bevy_scene 0.11.0
    в”‚   в”‚       в”‚   в”‚   в”њв”Ђв”Ђ bevy_render 0.11.0
    в”‚   в”‚       в”‚   в”‚   в”њв”Ђв”Ђ bevy_internal 0.11.0
    в”‚   в”‚       в”‚   в”‚   в”њв”Ђв”Ђ bevy_gltf 0.11.0
    в”‚   в”‚       в”‚   в”‚   в””в”Ђв”Ђ bevy_animation 0.11.0
    в”‚   в”‚       в”‚   в”њв”Ђв”Ђ bevy_gltf 0.11.0
    в”‚   в”‚       в”‚   в”њв”Ђв”Ђ bevy_gizmos 0.11.0
    в”‚   в”‚       в”‚   в”њв”Ђв”Ђ bevy_ecs 0.11.0
    в”‚   в”‚       в”‚   в”‚   в”њв”Ђв”Ђ bevy_winit 0.11.0
    в”‚   в”‚       в”‚   в”‚   в”њв”Ђв”Ђ bevy_window 0.11.0
    в”‚   в”‚       в”‚   в”‚   в”њв”Ђв”Ђ bevy_ui 0.11.0
    в”‚   в”‚       в”‚   в”‚   в”њв”Ђв”Ђ bevy_transform 0.11.0
    в”‚   в”‚       в”‚   в”‚   в”њв”Ђв”Ђ bevy_time 0.11.0
    в”‚   в”‚       в”‚   в”‚   в”њв”Ђв”Ђ bevy_text 0.11.0
    в”‚   в”‚       в”‚   в”‚   в”њв”Ђв”Ђ bevy_sprite 0.11.0
    в”‚   в”‚       в”‚   в”‚   в”њв”Ђв”Ђ bevy_scene 0.11.0
    в”‚   в”‚       в”‚   в”‚   в”њв”Ђв”Ђ bevy_render 0.11.0
    в”‚   в”‚       в”‚   в”‚   в”њв”Ђв”Ђ bevy_pbr 0.11.0
    в”‚   в”‚       в”‚   в”‚   в”њв”Ђв”Ђ bevy_log 0.11.0
    в”‚   в”‚       в”‚   в”‚   в”‚   в”њв”Ђв”Ђ bevy_ui 0.11.0
    в”‚   в”‚       в”‚   в”‚   в”‚   в”њв”Ђв”Ђ bevy_sprite 0.11.0
    в”‚   в”‚       в”‚   в”‚   в”‚   в”њв”Ђв”Ђ bevy_render 0.11.0
    в”‚   в”‚       в”‚   в”‚   в”‚   в”њв”Ђв”Ђ bevy_internal 0.11.0
    в”‚   в”‚       в”‚   в”‚   в”‚   в”њв”Ђв”Ђ bevy_hierarchy 0.11.0
    в”‚   в”‚       в”‚   в”‚   в”‚   в”њв”Ђв”Ђ bevy_gltf 0.11.0
    в”‚   в”‚       в”‚   в”‚   в”‚   в”њв”Ђв”Ђ bevy_gilrs 0.11.0
    в”‚   в”‚       в”‚   в”‚   в”‚   в”њв”Ђв”Ђ bevy_diagnostic 0.11.0
    в”‚   в”‚       в”‚   в”‚   в”‚   в””в”Ђв”Ђ bevy_asset 0.11.0
    в”‚   в”‚       в”‚   в”‚   в”њв”Ђв”Ђ bevy_internal 0.11.0
    в”‚   в”‚       в”‚   в”‚   в”њв”Ђв”Ђ bevy_input 0.11.0
    в”‚   в”‚       в”‚   в”‚   в”њв”Ђв”Ђ bevy_hierarchy 0.11.0
    в”‚   в”‚       в”‚   в”‚   в”њв”Ђв”Ђ bevy_gltf 0.11.0
    в”‚   в”‚       в”‚   в”‚   в”њв”Ђв”Ђ bevy_gizmos 0.11.0
    в”‚   в”‚       в”‚   в”‚   в”њв”Ђв”Ђ bevy_gilrs 0.11.0
    в”‚   в”‚       в”‚   в”‚   в”њв”Ђв”Ђ bevy_diagnostic 0.11.0
    в”‚   в”‚       в”‚   в”‚   в”њв”Ђв”Ђ bevy_core_pipeline 0.11.0
    в”‚   в”‚       в”‚   в”‚   в”њв”Ђв”Ђ bevy_core 0.11.0
    в”‚   в”‚       в”‚   в”‚   в”‚   в”њв”Ђв”Ђ bevy_render 0.11.0
    в”‚   в”‚       в”‚   в”‚   в”‚   в”њв”Ђв”Ђ bevy_internal 0.11.0
    в”‚   в”‚       в”‚   в”‚   в”‚   в”њв”Ђв”Ђ bevy_hierarchy 0.11.0
    в”‚   в”‚       в”‚   в”‚   в”‚   в”њв”Ђв”Ђ bevy_gltf 0.11.0
    в”‚   в”‚       в”‚   в”‚   в”‚   в”њв”Ђв”Ђ bevy_gizmos 0.11.0
    в”‚   в”‚       в”‚   в”‚   в”‚   в”њв”Ђв”Ђ bevy_diagnostic 0.11.0
    в”‚   в”‚       в”‚   в”‚   в”‚   в”њв”Ђв”Ђ bevy_core_pipeline 0.11.0
    в”‚   в”‚       в”‚   в”‚   в”‚   в””в”Ђв”Ђ bevy_animation 0.11.0
    в”‚   в”‚       в”‚   в”‚   в”њв”Ђв”Ђ bevy_audio 0.11.0
    в”‚   в”‚       в”‚   в”‚   в”њв”Ђв”Ђ bevy_asset 0.11.0
    в”‚   в”‚       в”‚   в”‚   в”њв”Ђв”Ђ bevy_app 0.11.0
    в”‚   в”‚       в”‚   в”‚   в”‚   в”њв”Ђв”Ђ bevy_winit 0.11.0
    в”‚   в”‚       в”‚   в”‚   в”‚   в”њв”Ђв”Ђ bevy_window 0.11.0
    в”‚   в”‚       в”‚   в”‚   в”‚   в”њв”Ђв”Ђ bevy_ui 0.11.0
    в”‚   в”‚       в”‚   в”‚   в”‚   в”њв”Ђв”Ђ bevy_transform 0.11.0
    в”‚   в”‚       в”‚   в”‚   в”‚   в”њв”Ђв”Ђ bevy_time 0.11.0
    в”‚   в”‚       в”‚   в”‚   в”‚   в”њв”Ђв”Ђ bevy_text 0.11.0
    в”‚   в”‚       в”‚   в”‚   в”‚   в”њв”Ђв”Ђ bevy_sprite 0.11.0
    в”‚   в”‚       в”‚   в”‚   в”‚   в”њв”Ђв”Ђ bevy_scene 0.11.0
    в”‚   в”‚       в”‚   в”‚   в”‚   в”њв”Ђв”Ђ bevy_render 0.11.0
    в”‚   в”‚       в”‚   в”‚   в”‚   в”њв”Ђв”Ђ bevy_pbr 0.11.0
    в”‚   в”‚       в”‚   в”‚   в”‚   в”њв”Ђв”Ђ bevy_log 0.11.0
    в”‚   в”‚       в”‚   в”‚   в”‚   в”њв”Ђв”Ђ bevy_internal 0.11.0
    в”‚   в”‚       в”‚   в”‚   в”‚   в”њв”Ђв”Ђ bevy_input 0.11.0
    в”‚   в”‚       в”‚   в”‚   в”‚   в”њв”Ђв”Ђ bevy_hierarchy 0.11.0
    в”‚   в”‚       в”‚   в”‚   в”‚   в”њв”Ђв”Ђ bevy_gltf 0.11.0
    в”‚   в”‚       в”‚   в”‚   в”‚   в”њв”Ђв”Ђ bevy_gizmos 0.11.0
    в”‚   в”‚       в”‚   в”‚   в”‚   в”њв”Ђв”Ђ bevy_gilrs 0.11.0
    в”‚   в”‚       в”‚   в”‚   в”‚   в”њв”Ђв”Ђ bevy_diagnostic 0.11.0
    в”‚   в”‚       в”‚   в”‚   в”‚   в”њв”Ђв”Ђ bevy_core_pipeline 0.11.0
    в”‚   в”‚       в”‚   в”‚   в”‚   в”њв”Ђв”Ђ bevy_core 0.11.0
    в”‚   в”‚       в”‚   в”‚   в”‚   в”њв”Ђв”Ђ bevy_audio 0.11.0
    в”‚   в”‚       в”‚   в”‚   в”‚   в”њв”Ђв”Ђ bevy_asset 0.11.0
    в”‚   в”‚       в”‚   в”‚   в”‚   в”њв”Ђв”Ђ bevy_animation 0.11.0
    в”‚   в”‚       в”‚   в”‚   в”‚   в””в”Ђв”Ђ bevy_a11y 0.11.0
    в”‚   в”‚       в”‚   в”‚   в”‚       в”њв”Ђв”Ђ bevy_winit 0.11.0
    в”‚   в”‚       в”‚   в”‚   в”‚       в”њв”Ђв”Ђ bevy_ui 0.11.0
    в”‚   в”‚       в”‚   в”‚   в”‚       в””в”Ђв”Ђ bevy_internal 0.11.0
    в”‚   в”‚       в”‚   в”‚   в”њв”Ђв”Ђ bevy_animation 0.11.0
    в”‚   в”‚       в”‚   в”‚   в””в”Ђв”Ђ bevy_a11y 0.11.0
    в”‚   в”‚       в”‚   в”њв”Ђв”Ђ bevy_core_pipeline 0.11.0
    в”‚   в”‚       в”‚   в”њв”Ђв”Ђ bevy_core 0.11.0
    в”‚   в”‚       в”‚   в”њв”Ђв”Ђ bevy_audio 0.11.0
    в”‚   в”‚       в”‚   в”њв”Ђв”Ђ bevy_asset 0.11.0
    в”‚   в”‚       в”‚   в”њв”Ђв”Ђ bevy_app 0.11.0
    в”‚   в”‚       в”‚   в””в”Ђв”Ђ bevy_animation 0.11.0
    в”‚   в”‚       в”њв”Ђв”Ђ bevy_pbr 0.11.0
    в”‚   в”‚       в”њв”Ђв”Ђ bevy_log 0.11.0
    в”‚   в”‚       в”њв”Ђв”Ђ bevy_internal 0.11.0
    в”‚   в”‚       в”њв”Ђв”Ђ bevy_input 0.11.0
    в”‚   в”‚       в”њв”Ђв”Ђ bevy_hierarchy 0.11.0
    в”‚   в”‚       в”њв”Ђв”Ђ bevy_gltf 0.11.0
    в”‚   в”‚       в”њв”Ђв”Ђ bevy_gizmos 0.11.0
    в”‚   в”‚       в”њв”Ђв”Ђ bevy_gilrs 0.11.0
    в”‚   в”‚       в”њв”Ђв”Ђ bevy_ecs 0.11.0
    в”‚   в”‚       в”њв”Ђв”Ђ bevy_diagnostic 0.11.0
    в”‚   в”‚       в”њв”Ђв”Ђ bevy_core_pipeline 0.11.0
    в”‚   в”‚       в”њв”Ђв”Ђ bevy_core 0.11.0
    в”‚   в”‚       в”њв”Ђв”Ђ bevy_audio 0.11.0
    в”‚   в”‚       в”њв”Ђв”Ђ bevy_asset 0.11.0
    в”‚   в”‚       в”њв”Ђв”Ђ bevy_app 0.11.0
    в”‚   в”‚       в””в”Ђв”Ђ bevy_animation 0.11.0
    в”‚   в”њв”Ђв”Ђ naga_oil 0.8.1
    в”‚   в”‚   в”њв”Ђв”Ђ bevy_render 0.11.0
    в”‚   в”‚   в””в”Ђв”Ђ bevy_pbr 0.11.0
    в”‚   в””в”Ђв”Ђ naga 0.12.3
    в”‚       в”њв”Ђв”Ђ wgpu-hal 0.16.2
    в”‚       в”‚   в”њв”Ђв”Ђ wgpu-core 0.16.1
    в”‚       в”‚   в”‚   в””в”Ђв”Ђ wgpu 0.16.3
    в”‚       в”‚   в”‚       в””в”Ђв”Ђ bevy_render 0.11.0
    в”‚       в”‚   в”њв”Ђв”Ђ wgpu 0.16.3
    в”‚       в”‚   в””в”Ђв”Ђ bevy_render 0.11.0
    в”‚       в”њв”Ђв”Ђ wgpu-core 0.16.1
    в”‚       в”њв”Ђв”Ђ wgpu 0.16.3
    в”‚       в”њв”Ђв”Ђ naga_oil 0.8.1
    в”‚       в””в”Ђв”Ђ bevy_render 0.11.0
    в””в”Ђв”Ђ gpu-descriptor 0.2.3
        в””в”Ђв”Ђ wgpu-hal 0.16.2

Crate:     ahash
Version:   0.8.3
Warning:   yanked
Dependency tree:
ahash 0.8.3
в”њв”Ђв”Ђ hashbrown 0.14.0
в”‚   в”њв”Ђв”Ђ indexmap 2.0.0
в”‚   в”‚   в””в”Ђв”Ђ toml_edit 0.19.14
в”‚   в”‚       в”њв”Ђв”Ђ proc-macro-crate 1.3.1
в”‚   в”‚       в”‚   в”њв”Ђв”Ђ num_enum_derive 0.6.1
в”‚   в”‚       в”‚   в”‚   в””в”Ђв”Ђ num_enum 0.6.1
в”‚   в”‚       в”‚   в”‚       в””в”Ђв”Ђ android-activity 0.4.2
в”‚   в”‚       в”‚   в”‚           в””в”Ђв”Ђ winit 0.28.6
в”‚   в”‚       в”‚   в”‚               в”њв”Ђв”Ђ bevy_winit 0.11.0
в”‚   в”‚       в”‚   в”‚               в”‚   в”њв”Ђв”Ђ bevy_internal 0.11.0
в”‚   в”‚       в”‚   в”‚               в”‚   в”‚   в””в”Ђв”Ђ bevy 0.11.0
в”‚   в”‚       в”‚   в”‚               в”‚   в”‚       в”њв”Ђв”Ђ bevy_pancam 0.9.0
в”‚   в”‚       в”‚   в”‚               в”‚   в”‚       в”‚   в””в”Ђв”Ђ ants 0.1.0
в”‚   в”‚       в”‚   в”‚               в”‚   в”‚       в”њв”Ђв”Ђ bevy_egui 0.21.0
в”‚   в”‚       в”‚   в”‚               в”‚   в”‚       в”‚   в””в”Ђв”Ђ ants 0.1.0
в”‚   в”‚       в”‚   в”‚               в”‚   в”‚       в””в”Ђв”Ђ ants 0.1.0
в”‚   в”‚       в”‚   в”‚               в”‚   в””в”Ђв”Ђ bevy_asset 0.11.0
в”‚   в”‚       в”‚   в”‚               в”‚       в”њв”Ђв”Ђ bevy_ui 0.11.0
в”‚   в”‚       в”‚   в”‚               в”‚       в”‚   в””в”Ђв”Ђ bevy_internal 0.11.0
в”‚   в”‚       в”‚   в”‚               в”‚       в”њв”Ђв”Ђ bevy_text 0.11.0
в”‚   в”‚       в”‚   в”‚               в”‚       в”‚   в”њв”Ђв”Ђ bevy_ui 0.11.0
в”‚   в”‚       в”‚   в”‚               в”‚       в”‚   в””в”Ђв”Ђ bevy_internal 0.11.0
в”‚   в”‚       в”‚   в”‚               в”‚       в”њв”Ђв”Ђ bevy_sprite 0.11.0
в”‚   в”‚       в”‚   в”‚               в”‚       в”‚   в”њв”Ђв”Ђ bevy_ui 0.11.0
в”‚   в”‚       в”‚   в”‚               в”‚       в”‚   в”њв”Ђв”Ђ bevy_text 0.11.0
в”‚   в”‚       в”‚   в”‚               в”‚       в”‚   в”њв”Ђв”Ђ bevy_internal 0.11.0
в”‚   в”‚       в”‚   в”‚               в”‚       в”‚   в””в”Ђв”Ђ bevy_gizmos 0.11.0
в”‚   в”‚       в”‚   в”‚               в”‚       в”‚       в””в”Ђв”Ђ bevy_internal 0.11.0
в”‚   в”‚       в”‚   в”‚               в”‚       в”њв”Ђв”Ђ bevy_scene 0.11.0
в”‚   в”‚       в”‚   в”‚               в”‚       в”‚   в”њв”Ђв”Ђ bevy_internal 0.11.0
в”‚   в”‚       в”‚   в”‚               в”‚       в”‚   в””в”Ђв”Ђ bevy_gltf 0.11.0
в”‚   в”‚       в”‚   в”‚               в”‚       в”‚       в””в”Ђв”Ђ bevy_internal 0.11.0
в”‚   в”‚       в”‚   в”‚               в”‚       в”њв”Ђв”Ђ bevy_render 0.11.0
в”‚   в”‚       в”‚   в”‚               в”‚       в”‚   в”њв”Ђв”Ђ bevy_ui 0.11.0
в”‚   в”‚       в”‚   в”‚               в”‚       в”‚   в”њв”Ђв”Ђ bevy_text 0.11.0
в”‚   в”‚       в”‚   в”‚               в”‚       в”‚   в”њв”Ђв”Ђ bevy_sprite 0.11.0
в”‚   в”‚       в”‚   в”‚               в”‚       в”‚   в”њв”Ђв”Ђ bevy_scene 0.11.0
в”‚   в”‚       в”‚   в”‚               в”‚       в”‚   в”њв”Ђв”Ђ bevy_pbr 0.11.0
в”‚   в”‚       в”‚   в”‚               в”‚       в”‚   в”‚   в”њв”Ђв”Ђ bevy_internal 0.11.0
в”‚   в”‚       в”‚   в”‚               в”‚       в”‚   в”‚   в”њв”Ђв”Ђ bevy_gltf 0.11.0
в”‚   в”‚       в”‚   в”‚               в”‚       в”‚   в”‚   в””в”Ђв”Ђ bevy_gizmos 0.11.0
в”‚   в”‚       в”‚   в”‚               в”‚       в”‚   в”њв”Ђв”Ђ bevy_internal 0.11.0
в”‚   в”‚       в”‚   в”‚               в”‚       в”‚   в”њв”Ђв”Ђ bevy_gltf 0.11.0
в”‚   в”‚       в”‚   в”‚               в”‚       в”‚   в”њв”Ђв”Ђ bevy_gizmos 0.11.0
в”‚   в”‚       в”‚   в”‚               в”‚       в”‚   в”њв”Ђв”Ђ bevy_core_pipeline 0.11.0
в”‚   в”‚       в”‚   в”‚               в”‚       в”‚   в”‚   в”њв”Ђв”Ђ bevy_ui 0.11.0
в”‚   в”‚       в”‚   в”‚               в”‚       в”‚   в”‚   в”њв”Ђв”Ђ bevy_sprite 0.11.0
в”‚   в”‚       в”‚   в”‚               в”‚       в”‚   в”‚   в”њв”Ђв”Ђ bevy_pbr 0.11.0
в”‚   в”‚       в”‚   в”‚               в”‚       в”‚   в”‚   в”њв”Ђв”Ђ bevy_internal 0.11.0
в”‚   в”‚       в”‚   в”‚               в”‚       в”‚   в”‚   в”њв”Ђв”Ђ bevy_gltf 0.11.0
в”‚   в”‚       в”‚   в”‚               в”‚       в”‚   в”‚   в””в”Ђв”Ђ bevy_gizmos 0.11.0
в”‚   в”‚       в”‚   в”‚               в”‚       в”‚   в””в”Ђв”Ђ bevy_animation 0.11.0
в”‚   в”‚       в”‚   в”‚               в”‚       в”‚       в”њв”Ђв”Ђ bevy_internal 0.11.0
в”‚   в”‚       в”‚   в”‚               в”‚       в”‚       в””в”Ђв”Ђ bevy_gltf 0.11.0
в”‚   в”‚       в”‚   в”‚               в”‚       в”њв”Ђв”Ђ bevy_pbr 0.11.0
в”‚   в”‚       в”‚   в”‚               в”‚       в”њв”Ђв”Ђ bevy_internal 0.11.0
в”‚   в”‚       в”‚   в”‚               в”‚       в”њв”Ђв”Ђ bevy_gltf 0.11.0
в”‚   в”‚       в”‚   в”‚               в”‚       в”њв”Ђв”Ђ bevy_gizmos 0.11.0
в”‚   в”‚       в”‚   в”‚               в”‚       в”њв”Ђв”Ђ bevy_core_pipeline 0.11.0
в”‚   в”‚       в”‚   в”‚               в”‚       в”њв”Ђв”Ђ bevy_audio 0.11.0
в”‚   в”‚       в”‚   в”‚               в”‚       в”‚   в””в”Ђв”Ђ bevy_internal 0.11.0
в”‚   в”‚       в”‚   в”‚               в”‚       в””в”Ђв”Ђ bevy_animation 0.11.0
в”‚   в”‚       в”‚   в”‚               в””в”Ђв”Ђ accesskit_winit 0.14.1
в”‚   в”‚       в”‚   в”‚                   в””в”Ђв”Ђ bevy_winit 0.11.0
в”‚   в”‚       в”‚   в””в”Ђв”Ђ num_enum_derive 0.5.11
в”‚   в”‚       в”‚       в””в”Ђв”Ђ num_enum 0.5.11
в”‚   в”‚       в”‚           в””в”Ђв”Ђ ndk 0.7.0
в”‚   в”‚       в”‚               в”њв”Ђв”Ђ winit 0.28.6
в”‚   в”‚       в”‚               в”њв”Ђв”Ђ oboe 0.5.0
в”‚   в”‚       в”‚               в”‚   в”њв”Ђв”Ђ cpal 0.15.2
в”‚   в”‚       в”‚               в”‚   в”‚   в””в”Ђв”Ђ rodio 0.17.1
в”‚   в”‚       в”‚               в”‚   в”‚       в””в”Ђв”Ђ bevy_audio 0.11.0
в”‚   в”‚       в”‚               в”‚   в””в”Ђв”Ђ bevy_audio 0.11.0
в”‚   в”‚       в”‚               в”њв”Ђв”Ђ cpal 0.15.2
в”‚   в”‚       в”‚               в””в”Ђв”Ђ android-activity 0.4.2
в”‚   в”‚       в””в”Ђв”Ђ bevy_macro_utils 0.11.0
в”‚   в”‚           в”њв”Ђв”Ђ bevy_render_macros 0.11.0
в”‚   в”‚           в”‚   в””в”Ђв”Ђ bevy_render 0.11.0
в”‚   в”‚           в”њв”Ђв”Ђ bevy_reflect_derive 0.11.0
в”‚   в”‚           в”‚   в””в”Ђв”Ђ bevy_reflect 0.11.0
в”‚   в”‚           в”‚       в”њв”Ђв”Ђ bevy_window 0.11.0
в”‚   в”‚           в”‚       в”‚   в”њв”Ђв”Ђ bevy_winit 0.11.0
в”‚   в”‚           в”‚       в”‚   в”њв”Ђв”Ђ bevy_ui 0.11.0
в”‚   в”‚           в”‚       в”‚   в”њв”Ђв”Ђ bevy_text 0.11.0
в”‚   в”‚           в”‚       в”‚   в”њв”Ђв”Ђ bevy_render 0.11.0
в”‚   в”‚           в”‚       в”‚   в”њв”Ђв”Ђ bevy_pbr 0.11.0
в”‚   в”‚           в”‚       в”‚   в””в”Ђв”Ђ bevy_internal 0.11.0
в”‚   в”‚           в”‚       в”њв”Ђв”Ђ bevy_ui 0.11.0
в”‚   в”‚           в”‚       в”њв”Ђв”Ђ bevy_transform 0.11.0
в”‚   в”‚           в”‚       в”‚   в”њв”Ђв”Ђ bevy_ui 0.11.0
в”‚   в”‚           в”‚       в”‚   в”њв”Ђв”Ђ bevy_text 0.11.0
в”‚   в”‚           в”‚       в”‚   в”њв”Ђв”Ђ bevy_sprite 0.11.0
в”‚   в”‚           в”‚       в”‚   в”њв”Ђв”Ђ bevy_scene 0.11.0
в”‚   в”‚           в”‚       в”‚   в”њв”Ђв”Ђ bevy_render 0.11.0
в”‚   в”‚           в”‚       в”‚   в”њв”Ђв”Ђ bevy_pbr 0.11.0
в”‚   в”‚           в”‚       в”‚   в”њв”Ђв”Ђ bevy_internal 0.11.0
в”‚   в”‚           в”‚       в”‚   в”њв”Ђв”Ђ bevy_gltf 0.11.0
в”‚   в”‚           в”‚       в”‚   в”њв”Ђв”Ђ bevy_gizmos 0.11.0
в”‚   в”‚           в”‚       в”‚   в”њв”Ђв”Ђ bevy_core_pipeline 0.11.0
в”‚   в”‚           в”‚       в”‚   в”њв”Ђв”Ђ bevy_audio 0.11.0
в”‚   в”‚           в”‚       в”‚   в””в”Ђв”Ђ bevy_animation 0.11.0
в”‚   в”‚           в”‚       в”њв”Ђв”Ђ bevy_time 0.11.0
в”‚   в”‚           в”‚       в”‚   в”њв”Ђв”Ђ bevy_render 0.11.0
в”‚   в”‚           в”‚       в”‚   в”њв”Ђв”Ђ bevy_internal 0.11.0
в”‚   в”‚           в”‚       в”‚   в”њв”Ђв”Ђ bevy_gilrs 0.11.0
в”‚   в”‚           в”‚       в”‚   в”‚   в””в”Ђв”Ђ bevy_internal 0.11.0
в”‚   в”‚           в”‚       в”‚   в”њв”Ђв”Ђ bevy_diagnostic 0.11.0
в”‚   в”‚           в”‚       в”‚   в”‚   в”њв”Ђв”Ђ bevy_internal 0.11.0
в”‚   в”‚           в”‚       в”‚   в”‚   в””в”Ђв”Ђ bevy_asset 0.11.0
в”‚   в”‚           в”‚       в”‚   в””в”Ђв”Ђ bevy_animation 0.11.0
в”‚   в”‚           в”‚       в”њв”Ђв”Ђ bevy_text 0.11.0
в”‚   в”‚           в”‚       в”њв”Ђв”Ђ bevy_sprite 0.11.0
в”‚   в”‚           в”‚       в”њв”Ђв”Ђ bevy_scene 0.11.0
в”‚   в”‚           в”‚       в”њв”Ђв”Ђ bevy_render 0.11.0
в”‚   в”‚           в”‚       в”њв”Ђв”Ђ bevy_pbr 0.11.0
в”‚   в”‚           в”‚       в”њв”Ђв”Ђ bevy_internal 0.11.0
в”‚   в”‚           в”‚       в”њв”Ђв”Ђ bevy_input 0.11.0
в”‚   в”‚           в”‚       в”‚   в”њв”Ђв”Ђ bevy_winit 0.11.0
в”‚   в”‚           в”‚       в”‚   в”њв”Ђв”Ђ bevy_window 0.11.0
в”‚   в”‚           в”‚       в”‚   в”њв”Ђв”Ђ bevy_ui 0.11.0
в”‚   в”‚           в”‚       в”‚   в”њв”Ђв”Ђ bevy_internal 0.11.0
в”‚   в”‚           в”‚       в”‚   в””в”Ђв”Ђ bevy_gilrs 0.11.0
в”‚   в”‚           в”‚       в”њв”Ђв”Ђ bevy_hierarchy 0.11.0
в”‚   в”‚           в”‚       в”‚   в”њв”Ђв”Ђ bevy_winit 0.11.0
в”‚   в”‚           в”‚       в”‚   в”њв”Ђв”Ђ bevy_ui 0.11.0
в”‚   в”‚           в”‚       в”‚   в”њв”Ђв”Ђ bevy_transform 0.11.0
в”‚   в”‚           в”‚       в”‚   в”њв”Ђв”Ђ bevy_scene 0.11.0
в”‚   в”‚           в”‚       в”‚   в”њв”Ђв”Ђ bevy_render 0.11.0
в”‚   в”‚           в”‚       в”‚   в”њв”Ђв”Ђ bevy_internal 0.11.0
в”‚   в”‚           в”‚       в”‚   в”њв”Ђв”Ђ bevy_gltf 0.11.0
в”‚   в”‚           в”‚       в”‚   в””в”Ђв”Ђ bevy_animation 0.11.0
в”‚   в”‚           в”‚       в”њв”Ђв”Ђ bevy_gltf 0.11.0
в”‚   в”‚           в”‚       в”њв”Ђв”Ђ bevy_gizmos 0.11.0
в”‚   в”‚           в”‚       в”њв”Ђв”Ђ bevy_ecs 0.11.0
в”‚   в”‚           в”‚       в”‚   в”њв”Ђв”Ђ bevy_winit 0.11.0
в”‚   в”‚           в”‚       в”‚   в”њв”Ђв”Ђ bevy_window 0.11.0
в”‚   в”‚           в”‚       в”‚   в”њв”Ђв”Ђ bevy_ui 0.11.0
в”‚   в”‚           в”‚       в”‚   в”њв”Ђв”Ђ bevy_transform 0.11.0
в”‚   в”‚           в”‚       в”‚   в”њв”Ђв”Ђ bevy_time 0.11.0
в”‚   в”‚           в”‚       в”‚   в”њв”Ђв”Ђ bevy_text 0.11.0
в”‚   в”‚           в”‚       в”‚   в”њв”Ђв”Ђ bevy_sprite 0.11.0
в”‚   в”‚           в”‚       в”‚   в”њв”Ђв”Ђ bevy_scene 0.11.0
в”‚   в”‚           в”‚       в”‚   в”њв”Ђв”Ђ bevy_render 0.11.0
в”‚   в”‚           в”‚       в”‚   в”њв”Ђв”Ђ bevy_pbr 0.11.0
в”‚   в”‚           в”‚       в”‚   в”њв”Ђв”Ђ bevy_log 0.11.0
в”‚   в”‚           в”‚       в”‚   в”‚   в”њв”Ђв”Ђ bevy_ui 0.11.0
в”‚   в”‚           в”‚       в”‚   в”‚   в”њв”Ђв”Ђ bevy_sprite 0.11.0
в”‚   в”‚           в”‚       в”‚   в”‚   в”њв”Ђв”Ђ bevy_render 0.11.0
в”‚   в”‚           в”‚       в”‚   в”‚   в”њв”Ђв”Ђ bevy_internal 0.11.0
в”‚   в”‚           в”‚       в”‚   в”‚   в”њв”Ђв”Ђ bevy_hierarchy 0.11.0
в”‚   в”‚           в”‚       в”‚   в”‚   в”њв”Ђв”Ђ bevy_gltf 0.11.0
в”‚   в”‚           в”‚       в”‚   в”‚   в”њв”Ђв”Ђ bevy_gilrs 0.11.0
в”‚   в”‚           в”‚       в”‚   в”‚   в”њв”Ђв”Ђ bevy_diagnostic 0.11.0
в”‚   в”‚           в”‚       в”‚   в”‚   в””в”Ђв”Ђ bevy_asset 0.11.0
в”‚   в”‚           в”‚       в”‚   в”њв”Ђв”Ђ bevy_internal 0.11.0
в”‚   в”‚           в”‚       в”‚   в”њв”Ђв”Ђ bevy_input 0.11.0
в”‚   в”‚           в”‚       в”‚   в”њв”Ђв”Ђ bevy_hierarchy 0.11.0
в”‚   в”‚           в”‚       в”‚   в”њв”Ђв”Ђ bevy_gltf 0.11.0
в”‚   в”‚           в”‚       в”‚   в”њв”Ђв”Ђ bevy_gizmos 0.11.0
в”‚   в”‚           в”‚       в”‚   в”њв”Ђв”Ђ bevy_gilrs 0.11.0
в”‚   в”‚           в”‚       в”‚   в”њв”Ђв”Ђ bevy_diagnostic 0.11.0
в”‚   в”‚           в”‚       в”‚   в”њв”Ђв”Ђ bevy_core_pipeline 0.11.0
в”‚   в”‚           в”‚       в”‚   в”њв”Ђв”Ђ bevy_core 0.11.0
в”‚   в”‚           в”‚       в”‚   в”‚   в”њв”Ђв”Ђ bevy_render 0.11.0
в”‚   в”‚           в”‚       в”‚   в”‚   в”њв”Ђв”Ђ bevy_internal 0.11.0
в”‚   в”‚           в”‚       в”‚   в”‚   в”њв”Ђв”Ђ bevy_hierarchy 0.11.0
в”‚   в”‚           в”‚       в”‚   в”‚   в”њв”Ђв”Ђ bevy_gltf 0.11.0
в”‚   в”‚           в”‚       в”‚   в”‚   в”њв”Ђв”Ђ bevy_gizmos 0.11.0
в”‚   в”‚           в”‚       в”‚   в”‚   в”њв”Ђв”Ђ bevy_diagnostic 0.11.0
в”‚   в”‚           в”‚       в”‚   в”‚   в”њв”Ђв”Ђ bevy_core_pipeline 0.11.0
в”‚   в”‚           в”‚       в”‚   в”‚   в””в”Ђв”Ђ bevy_animation 0.11.0
в”‚   в”‚           в”‚       в”‚   в”њв”Ђв”Ђ bevy_audio 0.11.0
в”‚   в”‚           в”‚       в”‚   в”њв”Ђв”Ђ bevy_asset 0.11.0
в”‚   в”‚           в”‚       в”‚   в”њв”Ђв”Ђ bevy_app 0.11.0
в”‚   в”‚           в”‚       в”‚   в”‚   в”њв”Ђв”Ђ bevy_winit 0.11.0
в”‚   в”‚           в”‚       в”‚   в”‚   в”њв”Ђв”Ђ bevy_window 0.11.0
в”‚   в”‚           в”‚       в”‚   в”‚   в”њв”Ђв”Ђ bevy_ui 0.11.0
в”‚   в”‚           в”‚       в”‚   в”‚   в”њв”Ђв”Ђ bevy_transform 0.11.0
в”‚   в”‚           в”‚       в”‚   в”‚   в”њв”Ђв”Ђ bevy_time 0.11.0
в”‚   в”‚           в”‚       в”‚   в”‚   в”њв”Ђв”Ђ bevy_text 0.11.0
в”‚   в”‚           в”‚       в”‚   в”‚   в”њв”Ђв”Ђ bevy_sprite 0.11.0
в”‚   в”‚           в”‚       в”‚   в”‚   в”њв”Ђв”Ђ bevy_scene 0.11.0
в”‚   в”‚           в”‚       в”‚   в”‚   в”њв”Ђв”Ђ bevy_render 0.11.0
в”‚   в”‚           в”‚       в”‚   в”‚   в”њв”Ђв”Ђ bevy_pbr 0.11.0
в”‚   в”‚           в”‚       в”‚   в”‚   в”њв”Ђв”Ђ bevy_log 0.11.0
в”‚   в”‚           в”‚       в”‚   в”‚   в”њв”Ђв”Ђ bevy_internal 0.11.0
в”‚   в”‚           в”‚       в”‚   в”‚   в”њв”Ђв”Ђ bevy_input 0.11.0
в”‚   в”‚           в”‚       в”‚   в”‚   в”њв”Ђв”Ђ bevy_hierarchy 0.11.0
в”‚   в”‚           в”‚       в”‚   в”‚   в”њв”Ђв”Ђ bevy_gltf 0.11.0
в”‚   в”‚           в”‚       в”‚   в”‚   в”њв”Ђв”Ђ bevy_gizmos 0.11.0
в”‚   в”‚           в”‚       в”‚   в”‚   в”њв”Ђв”Ђ bevy_gilrs 0.11.0
в”‚   в”‚           в”‚       в”‚   в”‚   в”њв”Ђв”Ђ bevy_diagnostic 0.11.0
в”‚   в”‚           в”‚       в”‚   в”‚   в”њв”Ђв”Ђ bevy_core_pipeline 0.11.0
в”‚   в”‚           в”‚       в”‚   в”‚   в”њв”Ђв”Ђ bevy_core 0.11.0
в”‚   в”‚           в”‚       в”‚   в”‚   в”њв”Ђв”Ђ bevy_audio 0.11.0
в”‚   в”‚           в”‚       в”‚   в”‚   в”њв”Ђв”Ђ bevy_asset 0.11.0
в”‚   в”‚           в”‚       в”‚   в”‚   в”њв”Ђв”Ђ bevy_animation 0.11.0
в”‚   в”‚           в”‚       в”‚   в”‚   в””в”Ђв”Ђ bevy_a11y 0.11.0
в”‚   в”‚           в”‚       в”‚   в”‚       в”њв”Ђв”Ђ bevy_winit 0.11.0
в”‚   в”‚           в”‚       в”‚   в”‚       в”њв”Ђв”Ђ bevy_ui 0.11.0
в”‚   в”‚           в”‚       в”‚   в”‚       в””в”Ђв”Ђ bevy_internal 0.11.0
в”‚   в”‚           в”‚       в”‚   в”њв”Ђв”Ђ bevy_animation 0.11.0
в”‚   в”‚           в”‚       в”‚   в””в”Ђв”Ђ bevy_a11y 0.11.0
в”‚   в”‚           в”‚       в”њв”Ђв”Ђ bevy_core_pipeline 0.11.0
в”‚   в”‚           в”‚       в”њв”Ђв”Ђ bevy_core 0.11.0
в”‚   в”‚           в”‚       в”њв”Ђв”Ђ bevy_audio 0.11.0
в”‚   в”‚           в”‚       в”њв”Ђв”Ђ bevy_asset 0.11.0
в”‚   в”‚           в”‚       в”њв”Ђв”Ђ bevy_app 0.11.0
в”‚   в”‚           в”‚       в””в”Ђв”Ђ bevy_animation 0.11.0
в”‚   в”‚           в”њв”Ђв”Ђ bevy_encase_derive 0.11.0
в”‚   в”‚           в”‚   в””в”Ђв”Ђ bevy_render 0.11.0
в”‚   в”‚           в”њв”Ђв”Ђ bevy_ecs_macros 0.11.0
в”‚   в”‚           в”‚   в””в”Ђв”Ђ bevy_ecs 0.11.0
в”‚   в”‚           в””в”Ђв”Ђ bevy_derive 0.11.0
в”‚   в”‚               в”њв”Ђв”Ђ bevy_winit 0.11.0
в”‚   в”‚               в”њв”Ђв”Ђ bevy_ui 0.11.0
в”‚   в”‚               в”њв”Ђв”Ђ bevy_sprite 0.11.0
в”‚   в”‚               в”њв”Ђв”Ђ bevy_scene 0.11.0
в”‚   в”‚               в”њв”Ђв”Ђ bevy_render 0.11.0
в”‚   в”‚               в”њв”Ђв”Ђ bevy_pbr 0.11.0
в”‚   в”‚               в”њв”Ђв”Ђ bevy_internal 0.11.0
в”‚   в”‚               в”њв”Ђв”Ђ bevy_core_pipeline 0.11.0
в”‚   в”‚               в”њв”Ђв”Ђ bevy_audio 0.11.0
в”‚   в”‚               в”њв”Ђв”Ђ bevy_app 0.11.0
в”‚   в”‚               в””в”Ђв”Ђ bevy_a11y 0.11.0
в”‚   в””в”Ђв”Ђ bevy_utils 0.11.0
в”‚       в”њв”Ђв”Ђ bevy_winit 0.11.0
в”‚       в”њв”Ђв”Ђ bevy_window 0.11.0
в”‚       в”њв”Ђв”Ђ bevy_ui 0.11.0
в”‚       в”њв”Ђв”Ђ bevy_time 0.11.0
в”‚       в”њв”Ђв”Ђ bevy_text 0.11.0
в”‚       в”њв”Ђв”Ђ bevy_sprite 0.11.0
в”‚       в”њв”Ђв”Ђ bevy_scene 0.11.0
в”‚       в”њв”Ђв”Ђ bevy_render 0.11.0
в”‚       в”њв”Ђв”Ђ bevy_reflect 0.11.0
в”‚       в”њв”Ђв”Ђ bevy_pbr 0.11.0
в”‚       в”њв”Ђв”Ђ bevy_log 0.11.0
в”‚       в”њв”Ђв”Ђ bevy_internal 0.11.0
в”‚       в”њв”Ђв”Ђ bevy_input 0.11.0
в”‚       в”њв”Ђв”Ђ bevy_hierarchy 0.11.0
в”‚       в”њв”Ђв”Ђ bevy_gltf 0.11.0
в”‚       в”њв”Ђв”Ђ bevy_gizmos 0.11.0
в”‚       в”њв”Ђв”Ђ bevy_gilrs 0.11.0
в”‚       в”њв”Ђв”Ђ bevy_ecs 0.11.0
в”‚       в”њв”Ђв”Ђ bevy_diagnostic 0.11.0
в”‚       в”њв”Ђв”Ђ bevy_core_pipeline 0.11.0
в”‚       в”њв”Ђв”Ђ bevy_core 0.11.0
в”‚       в”њв”Ђв”Ђ bevy_audio 0.11.0
в”‚       в”њв”Ђв”Ђ bevy_asset 0.11.0
в”‚       в”њв”Ђв”Ђ bevy_app 0.11.0
в”‚       в””в”Ђв”Ђ bevy_animation 0.11.0
в”њв”Ђв”Ђ epaint 0.22.0
в”‚   в””в”Ђв”Ђ egui 0.22.0
в”‚       в””в”Ђв”Ђ bevy_egui 0.21.0
в”њв”Ђв”Ђ egui 0.22.0
в””в”Ђв”Ђ bevy_utils 0.11.0

warning: 5 allowed warnings found
